{"/Users/Double_J/DevWorkspace/day34/day34-bolierplate-nodejs/src/server.js": {"path":"/Users/Double_J/DevWorkspace/day34/day34-bolierplate-nodejs/src/server.js","statementMap":{"0":{"start":{"line":1,"column":0},"end":{"line":1,"column":32}},"1":{"start":{"line":3,"column":37},"end":{"line":3,"column":66}},"2":{"start":{"line":4,"column":16},"end":{"line":4,"column":34}},"3":{"start":{"line":5,"column":15},"end":{"line":5,"column":32}},"4":{"start":{"line":6,"column":19},"end":{"line":6,"column":41}},"5":{"start":{"line":7,"column":13},"end":{"line":7,"column":28}},"6":{"start":{"line":8,"column":15},"end":{"line":8,"column":43}},"7":{"start":{"line":9,"column":12},"end":{"line":9,"column":21}},"8":{"start":{"line":11,"column":0},"end":{"line":11,"column":28}},"9":{"start":{"line":12,"column":0},"end":{"line":12,"column":16}},"10":{"start":{"line":13,"column":0},"end":{"line":13,"column":24}},"11":{"start":{"line":14,"column":0},"end":{"line":14,"column":49}},"12":{"start":{"line":16,"column":0},"end":{"line":18,"column":3}},"13":{"start":{"line":20,"column":0},"end":{"line":20,"column":12}},"14":{"start":{"line":22,"column":0},"end":{"line":24,"column":2}},"15":{"start":{"line":23,"column":4},"end":{"line":23,"column":65}}},"fnMap":{"0":{"name":"(anonymous_0)","decl":{"start":{"line":22,"column":37},"end":{"line":22,"column":38}},"loc":{"start":{"line":23,"column":4},"end":{"line":23,"column":65}},"line":23}},"branchMap":{},"s":{"0":1,"1":1,"2":1,"3":1,"4":1,"5":1,"6":1,"7":1,"8":1,"9":1,"10":1,"11":1,"12":1,"13":1,"14":1,"15":1},"f":{"0":1},"b":{},"_coverageSchema":"43e27e138ebf9cfc5966b082cf9a028302ed4184","hash":"84f6875e214c942a587ab683ae1ef7de369c5d8f"}
,"/Users/Double_J/DevWorkspace/day34/day34-bolierplate-nodejs/src/config/constants.js": {"path":"/Users/Double_J/DevWorkspace/day34/day34-bolierplate-nodejs/src/config/constants.js","statementMap":{"0":{"start":{"line":1,"column":0},"end":{"line":1,"column":32}},"1":{"start":{"line":2,"column":27},"end":{"line":2,"column":50}},"2":{"start":{"line":3,"column":27},"end":{"line":3,"column":50}},"3":{"start":{"line":4,"column":31},"end":{"line":4,"column":47}},"4":{"start":{"line":5,"column":36},"end":{"line":5,"column":54}},"5":{"start":{"line":6,"column":32},"end":{"line":12,"column":1}},"6":{"start":{"line":7,"column":4},"end":{"line":11,"column":7}}},"fnMap":{"0":{"name":"(anonymous_0)","decl":{"start":{"line":6,"column":32},"end":{"line":6,"column":33}},"loc":{"start":{"line":6,"column":67},"end":{"line":12,"column":1}},"line":6}},"branchMap":{},"s":{"0":1,"1":1,"2":1,"3":1,"4":1,"5":1,"6":3},"f":{"0":3},"b":{},"_coverageSchema":"43e27e138ebf9cfc5966b082cf9a028302ed4184","hash":"3ec4fe01a9d91181ca15e298926caac0643f3f90"}
,"/Users/Double_J/DevWorkspace/day34/day34-bolierplate-nodejs/src/controller/sample/SampleController.js": {"path":"/Users/Double_J/DevWorkspace/day34/day34-bolierplate-nodejs/src/controller/sample/SampleController.js","statementMap":{"0":{"start":{"line":6,"column":8},"end":{"line":8,"column":11}},"1":{"start":{"line":7,"column":12},"end":{"line":7,"column":48}},"2":{"start":{"line":12,"column":8},"end":{"line":14,"column":11}},"3":{"start":{"line":13,"column":12},"end":{"line":13,"column":74}},"4":{"start":{"line":18,"column":8},"end":{"line":20,"column":11}},"5":{"start":{"line":19,"column":12},"end":{"line":19,"column":74}},"6":{"start":{"line":24,"column":8},"end":{"line":26,"column":11}},"7":{"start":{"line":25,"column":12},"end":{"line":25,"column":63}},"8":{"start":{"line":30,"column":8},"end":{"line":32,"column":11}},"9":{"start":{"line":31,"column":12},"end":{"line":31,"column":68}},"10":{"start":{"line":36,"column":0},"end":{"line":36,"column":34}}},"fnMap":{"0":{"name":"(anonymous_0)","decl":{"start":{"line":3,"column":4},"end":{"line":3,"column":5}},"loc":{"start":{"line":3,"column":18},"end":{"line":3,"column":20}},"line":3},"1":{"name":"(anonymous_1)","decl":{"start":{"line":5,"column":4},"end":{"line":5,"column":5}},"loc":{"start":{"line":5,"column":23},"end":{"line":9,"column":5}},"line":5},"2":{"name":"(anonymous_2)","decl":{"start":{"line":6,"column":27},"end":{"line":6,"column":28}},"loc":{"start":{"line":6,"column":38},"end":{"line":8,"column":9}},"line":6},"3":{"name":"(anonymous_3)","decl":{"start":{"line":11,"column":4},"end":{"line":11,"column":5}},"loc":{"start":{"line":11,"column":32},"end":{"line":15,"column":5}},"line":11},"4":{"name":"(anonymous_4)","decl":{"start":{"line":12,"column":27},"end":{"line":12,"column":28}},"loc":{"start":{"line":12,"column":38},"end":{"line":14,"column":9}},"line":12},"5":{"name":"(anonymous_5)","decl":{"start":{"line":17,"column":4},"end":{"line":17,"column":5}},"loc":{"start":{"line":17,"column":30},"end":{"line":21,"column":5}},"line":17},"6":{"name":"(anonymous_6)","decl":{"start":{"line":18,"column":27},"end":{"line":18,"column":28}},"loc":{"start":{"line":18,"column":38},"end":{"line":20,"column":9}},"line":18},"7":{"name":"(anonymous_7)","decl":{"start":{"line":23,"column":4},"end":{"line":23,"column":5}},"loc":{"start":{"line":23,"column":17},"end":{"line":27,"column":5}},"line":23},"8":{"name":"(anonymous_8)","decl":{"start":{"line":24,"column":27},"end":{"line":24,"column":28}},"loc":{"start":{"line":24,"column":38},"end":{"line":26,"column":9}},"line":24},"9":{"name":"(anonymous_9)","decl":{"start":{"line":29,"column":4},"end":{"line":29,"column":5}},"loc":{"start":{"line":29,"column":20},"end":{"line":33,"column":5}},"line":29},"10":{"name":"(anonymous_10)","decl":{"start":{"line":30,"column":27},"end":{"line":30,"column":28}},"loc":{"start":{"line":30,"column":38},"end":{"line":32,"column":9}},"line":30}},"branchMap":{},"s":{"0":0,"1":0,"2":0,"3":0,"4":1,"5":1,"6":2,"7":2,"8":2,"9":2,"10":2},"f":{"0":2,"1":0,"2":0,"3":0,"4":0,"5":1,"6":1,"7":2,"8":2,"9":2,"10":2},"b":{},"_coverageSchema":"43e27e138ebf9cfc5966b082cf9a028302ed4184","hash":"e13d9bb5ffd1661d2bae57ae90b3ccd05e17cdd1"}
,"/Users/Double_J/DevWorkspace/day34/day34-bolierplate-nodejs/src/routes/index.js": {"path":"/Users/Double_J/DevWorkspace/day34/day34-bolierplate-nodejs/src/routes/index.js","statementMap":{"0":{"start":{"line":1,"column":21},"end":{"line":1,"column":53}},"1":{"start":{"line":3,"column":15},"end":{"line":5,"column":1}},"2":{"start":{"line":4,"column":4},"end":{"line":4,"column":41}},"3":{"start":{"line":7,"column":0},"end":{"line":7,"column":24}}},"fnMap":{"0":{"name":"(anonymous_0)","decl":{"start":{"line":3,"column":15},"end":{"line":3,"column":16}},"loc":{"start":{"line":3,"column":22},"end":{"line":5,"column":1}},"line":3}},"branchMap":{},"s":{"0":1,"1":1,"2":1,"3":1},"f":{"0":1},"b":{},"_coverageSchema":"43e27e138ebf9cfc5966b082cf9a028302ed4184","hash":"ed2576bd01799142c515811fc391b6dcdb2209e8"}
,"/Users/Double_J/DevWorkspace/day34/day34-bolierplate-nodejs/src/routes/sample/sampleRouter.js": {"path":"/Users/Double_J/DevWorkspace/day34/day34-bolierplate-nodejs/src/routes/sample/sampleRouter.js","statementMap":{"0":{"start":{"line":2,"column":16},"end":{"line":2,"column":34}},"1":{"start":{"line":3,"column":15},"end":{"line":3,"column":31}},"2":{"start":{"line":4,"column":25},"end":{"line":4,"column":76}},"3":{"start":{"line":5,"column":19},"end":{"line":5,"column":41}},"4":{"start":{"line":7,"column":0},"end":{"line":15,"column":3}},"5":{"start":{"line":8,"column":32},"end":{"line":8,"column":40}},"6":{"start":{"line":9,"column":4},"end":{"line":14,"column":5}},"7":{"start":{"line":10,"column":24},"end":{"line":10,"column":60}},"8":{"start":{"line":11,"column":8},"end":{"line":11,"column":65}},"9":{"start":{"line":13,"column":8},"end":{"line":13,"column":63}},"10":{"start":{"line":17,"column":0},"end":{"line":24,"column":3}},"11":{"start":{"line":18,"column":4},"end":{"line":23,"column":5}},"12":{"start":{"line":19,"column":21},"end":{"line":19,"column":44}},"13":{"start":{"line":20,"column":8},"end":{"line":20,"column":58}},"14":{"start":{"line":22,"column":8},"end":{"line":22,"column":63}},"15":{"start":{"line":26,"column":0},"end":{"line":34,"column":3}},"16":{"start":{"line":27,"column":21},"end":{"line":27,"column":31}},"17":{"start":{"line":28,"column":4},"end":{"line":33,"column":5}},"18":{"start":{"line":29,"column":21},"end":{"line":29,"column":47}},"19":{"start":{"line":30,"column":8},"end":{"line":30,"column":58}},"20":{"start":{"line":32,"column":8},"end":{"line":32,"column":63}},"21":{"start":{"line":36,"column":0},"end":{"line":45,"column":3}},"22":{"start":{"line":37,"column":32},"end":{"line":37,"column":40}},"23":{"start":{"line":39,"column":4},"end":{"line":44,"column":5}},"24":{"start":{"line":40,"column":24},"end":{"line":40,"column":62}},"25":{"start":{"line":41,"column":8},"end":{"line":41,"column":65}},"26":{"start":{"line":43,"column":8},"end":{"line":43,"column":63}},"27":{"start":{"line":47,"column":0},"end":{"line":56,"column":3}},"28":{"start":{"line":48,"column":21},"end":{"line":48,"column":31}},"29":{"start":{"line":50,"column":4},"end":{"line":55,"column":5}},"30":{"start":{"line":51,"column":21},"end":{"line":51,"column":50}},"31":{"start":{"line":52,"column":8},"end":{"line":52,"column":58}},"32":{"start":{"line":54,"column":8},"end":{"line":54,"column":63}},"33":{"start":{"line":58,"column":0},"end":{"line":58,"column":24}}},"fnMap":{"0":{"name":"(anonymous_0)","decl":{"start":{"line":7,"column":21},"end":{"line":7,"column":22}},"loc":{"start":{"line":7,"column":41},"end":{"line":15,"column":1}},"line":7},"1":{"name":"(anonymous_1)","decl":{"start":{"line":17,"column":20},"end":{"line":17,"column":21}},"loc":{"start":{"line":17,"column":40},"end":{"line":24,"column":1}},"line":17},"2":{"name":"(anonymous_2)","decl":{"start":{"line":26,"column":28},"end":{"line":26,"column":29}},"loc":{"start":{"line":26,"column":48},"end":{"line":34,"column":1}},"line":26},"3":{"name":"(anonymous_3)","decl":{"start":{"line":36,"column":20},"end":{"line":36,"column":21}},"loc":{"start":{"line":36,"column":40},"end":{"line":45,"column":1}},"line":36},"4":{"name":"(anonymous_4)","decl":{"start":{"line":47,"column":31},"end":{"line":47,"column":32}},"loc":{"start":{"line":47,"column":51},"end":{"line":56,"column":1}},"line":47}},"branchMap":{},"s":{"0":1,"1":1,"2":1,"3":1,"4":1,"5":1,"6":1,"7":1,"8":1,"9":0,"10":1,"11":1,"12":1,"13":1,"14":0,"15":1,"16":1,"17":1,"18":1,"19":1,"20":0,"21":1,"22":0,"23":0,"24":0,"25":0,"26":0,"27":1,"28":0,"29":0,"30":0,"31":0,"32":0,"33":1},"f":{"0":1,"1":1,"2":1,"3":0,"4":0},"b":{},"_coverageSchema":"43e27e138ebf9cfc5966b082cf9a028302ed4184","hash":"ec9e3c217cfc719f69c5a79a4a5b75848737df12"}
,"/Users/Double_J/DevWorkspace/day34/day34-bolierplate-nodejs/test/routes/sample/SampleTest.js": {"path":"/Users/Double_J/DevWorkspace/day34/day34-bolierplate-nodejs/test/routes/sample/SampleTest.js","statementMap":{"0":{"start":{"line":1,"column":0},"end":{"line":1,"column":35}},"1":{"start":{"line":6,"column":8},"end":{"line":6,"column":97}},"2":{"start":{"line":6,"column":86},"end":{"line":6,"column":95}},"3":{"start":{"line":9,"column":8},"end":{"line":9,"column":107}},"4":{"start":{"line":9,"column":96},"end":{"line":9,"column":105}},"5":{"start":{"line":12,"column":8},"end":{"line":12,"column":105}},"6":{"start":{"line":12,"column":94},"end":{"line":12,"column":103}},"7":{"start":{"line":16,"column":0},"end":{"line":16,"column":28}}},"fnMap":{"0":{"name":"(anonymous_0)","decl":{"start":{"line":5,"column":4},"end":{"line":5,"column":5}},"loc":{"start":{"line":5,"column":22},"end":{"line":7,"column":5}},"line":5},"1":{"name":"(anonymous_1)","decl":{"start":{"line":6,"column":78},"end":{"line":6,"column":79}},"loc":{"start":{"line":6,"column":86},"end":{"line":6,"column":95}},"line":6},"2":{"name":"(anonymous_2)","decl":{"start":{"line":8,"column":4},"end":{"line":8,"column":5}},"loc":{"start":{"line":8,"column":27},"end":{"line":10,"column":5}},"line":8},"3":{"name":"(anonymous_3)","decl":{"start":{"line":9,"column":88},"end":{"line":9,"column":89}},"loc":{"start":{"line":9,"column":96},"end":{"line":9,"column":105}},"line":9},"4":{"name":"(anonymous_4)","decl":{"start":{"line":11,"column":4},"end":{"line":11,"column":5}},"loc":{"start":{"line":11,"column":28},"end":{"line":13,"column":5}},"line":11},"5":{"name":"(anonymous_5)","decl":{"start":{"line":12,"column":86},"end":{"line":12,"column":87}},"loc":{"start":{"line":12,"column":94},"end":{"line":12,"column":103}},"line":12}},"branchMap":{},"s":{"0":1,"1":1,"2":1,"3":1,"4":1,"5":1,"6":1,"7":1},"f":{"0":1,"1":1,"2":1,"3":1,"4":1,"5":1},"b":{},"_coverageSchema":"43e27e138ebf9cfc5966b082cf9a028302ed4184","hash":"2e50f21036a31758c8dabd12cae1bf4457898415"}
}
