TN:
SF:/Users/Double_J/DevWorkspace/day34/day34-bolierplate-nodejs/src/server.js
FN:22,(anonymous_0)
FNF:1
FNH:1
FNDA:1,(anonymous_0)
DA:1,1
DA:3,1
DA:4,1
DA:5,1
DA:6,1
DA:7,1
DA:8,1
DA:9,1
DA:11,1
DA:12,1
DA:13,1
DA:14,1
DA:16,1
DA:20,1
DA:22,1
DA:23,1
LF:16
LH:16
BRF:0
BRH:0
end_of_record
TN:
SF:/Users/Double_J/DevWorkspace/day34/day34-bolierplate-nodejs/src/config/constants.js
FN:6,(anonymous_0)
FNF:1
FNH:1
FNDA:3,(anonymous_0)
DA:1,1
DA:2,1
DA:3,1
DA:4,1
DA:5,1
DA:6,1
DA:7,3
LF:7
LH:7
BRF:0
BRH:0
end_of_record
TN:
SF:/Users/Double_J/DevWorkspace/day34/day34-bolierplate-nodejs/src/controller/sample/SampleController.js
FN:3,(anonymous_0)
FN:5,(anonymous_1)
FN:6,(anonymous_2)
FN:11,(anonymous_3)
FN:12,(anonymous_4)
FN:17,(anonymous_5)
FN:18,(anonymous_6)
FN:23,(anonymous_7)
FN:24,(anonymous_8)
FN:29,(anonymous_9)
FN:30,(anonymous_10)
FNF:11
FNH:7
FNDA:2,(anonymous_0)
FNDA:0,(anonymous_1)
FNDA:0,(anonymous_2)
FNDA:0,(anonymous_3)
FNDA:0,(anonymous_4)
FNDA:1,(anonymous_5)
FNDA:1,(anonymous_6)
FNDA:2,(anonymous_7)
FNDA:2,(anonymous_8)
FNDA:2,(anonymous_9)
FNDA:2,(anonymous_10)
DA:6,0
DA:7,0
DA:12,0
DA:13,0
DA:18,1
DA:19,1
DA:24,2
DA:25,2
DA:30,2
DA:31,2
DA:36,2
LF:11
LH:7
BRF:0
BRH:0
end_of_record
TN:
SF:/Users/Double_J/DevWorkspace/day34/day34-bolierplate-nodejs/src/routes/index.js
FN:3,(anonymous_0)
FNF:1
FNH:1
FNDA:1,(anonymous_0)
DA:1,1
DA:3,1
DA:4,1
DA:7,1
LF:4
LH:4
BRF:0
BRH:0
end_of_record
TN:
SF:/Users/Double_J/DevWorkspace/day34/day34-bolierplate-nodejs/src/routes/sample/sampleRouter.js
FN:7,(anonymous_0)
FN:17,(anonymous_1)
FN:26,(anonymous_2)
FN:36,(anonymous_3)
FN:47,(anonymous_4)
FNF:5
FNH:3
FNDA:1,(anonymous_0)
FNDA:1,(anonymous_1)
FNDA:1,(anonymous_2)
FNDA:0,(anonymous_3)
FNDA:0,(anonymous_4)
DA:2,1
DA:3,1
DA:4,1
DA:5,1
DA:7,1
DA:8,1
DA:9,1
DA:10,1
DA:11,1
DA:13,0
DA:17,1
DA:18,1
DA:19,1
DA:20,1
DA:22,0
DA:26,1
DA:27,1
DA:28,1
DA:29,1
DA:30,1
DA:32,0
DA:36,1
DA:37,0
DA:39,0
DA:40,0
DA:41,0
DA:43,0
DA:47,1
DA:48,0
DA:50,0
DA:51,0
DA:52,0
DA:54,0
DA:58,1
LF:34
LH:21
BRF:0
BRH:0
end_of_record
TN:
SF:/Users/Double_J/DevWorkspace/day34/day34-bolierplate-nodejs/test/routes/sample/SampleTest.js
FN:5,(anonymous_0)
FN:6,(anonymous_1)
FN:8,(anonymous_2)
FN:9,(anonymous_3)
FN:11,(anonymous_4)
FN:12,(anonymous_5)
FNF:6
FNH:6
FNDA:1,(anonymous_0)
FNDA:1,(anonymous_1)
FNDA:1,(anonymous_2)
FNDA:1,(anonymous_3)
FNDA:1,(anonymous_4)
FNDA:1,(anonymous_5)
DA:1,1
DA:6,1
DA:9,1
DA:12,1
DA:16,1
LF:5
LH:5
BRF:0
BRH:0
end_of_record
